Time resolution is 1 ps
WARNING: Too many words specified in data file C:/Users/Timow/FetchInstuction/FetchInstuction.srcs/sources_1/new/risc.txt
mem2[0] = 00000023
mem2[1] = 00000000
mem2[2] = 00000001
mem2[3] = 00000000
mem2[4] = 00000000
mem2[5] = 00000000
mem2[6] = 00000001
mem2[7] = 00000023
mem2[8] = 00000000
mem2[9] = 00000001
mem2[10] = 00000000
mem2[11] = 00000000
mem2[12] = 00000000
mem2[13] = 00000002
mem2[14] = 00000023
mem2[15] = 00000000
mem2[16] = 00000001
mem2[17] = 00000000
mem2[18] = 00000000
mem2[19] = 00000000
mem2[20] = 00000003
mem2[21] = 00000008
mem2[22] = 00000000
mem2[23] = 00000000
memory[0] = 00000000
memory[1] = 00000000
memory[2] = 00000000
memory[3] = 00000000
memory[4] = 00000000
memory[5] = 00000000
OP Code not recognised
$finish called at time : 210 ns : File "C:/Users/Timow/Pipline Final/Pipline Final.srcs/sim_1/new/mips_pipeline_tb.v" Line 23
